<?xml version="1.0" encoding="UTF-8"?>
<testsuite xmlns:xsi="http://www.w3.org/2001/XMLSchema-instance" xsi:noNamespaceSchemaLocation="https://maven.apache.org/surefire/maven-surefire-plugin/xsd/surefire-test-report.xsd" name="stinkybot.AppTest" time="0.046" tests="1" errors="0" skipped="0" failures="0">
  <properties>
    <property name="sun.desktop" value="windows"/>
    <property name="awt.toolkit" value="sun.awt.windows.WToolkit"/>
    <property name="file.encoding.pkg" value="sun.io"/>
    <property name="java.specification.version" value="1.8"/>
    <property name="sun.cpu.isalist" value="amd64"/>
    <property name="sun.jnu.encoding" value="Cp1252"/>
    <property name="java.class.path" value="C:\Users\PhilipAbed\Documents\GitHub\StinkyBot\target\test-classes;C:\Users\PhilipAbed\Documents\GitHub\StinkyBot\target\classes;C:\Users\PhilipAbed\.m2\repository\junit\junit\4.11\junit-4.11.jar;C:\Users\PhilipAbed\.m2\repository\org\hamcrest\hamcrest-core\1.3\hamcrest-core-1.3.jar;C:\Users\PhilipAbed\.m2\repository\net\dv8tion\JDA\4.2.0_208\JDA-4.2.0_208.jar;C:\Users\PhilipAbed\.m2\repository\com\google\code\findbugs\jsr305\3.0.2\jsr305-3.0.2.jar;C:\Users\PhilipAbed\.m2\repository\org\jetbrains\annotations\16.0.1\annotations-16.0.1.jar;C:\Users\PhilipAbed\.m2\repository\com\neovisionaries\nv-websocket-client\2.10\nv-websocket-client-2.10.jar;C:\Users\PhilipAbed\.m2\repository\com\squareup\okhttp3\okhttp\3.13.0\okhttp-3.13.0.jar;C:\Users\PhilipAbed\.m2\repository\com\squareup\okio\okio\1.17.2\okio-1.17.2.jar;C:\Users\PhilipAbed\.m2\repository\club\minnced\opus-java-api\1.0.4\opus-java-api-1.0.4.jar;C:\Users\PhilipAbed\.m2\repository\net\java\dev\jna\jna\4.4.0\jna-4.4.0.jar;C:\Users\PhilipAbed\.m2\repository\club\minnced\opus-java-natives\1.0.4\opus-java-natives-1.0.4.jar;C:\Users\PhilipAbed\.m2\repository\org\apache\commons\commons-collections4\4.1\commons-collections4-4.1.jar;C:\Users\PhilipAbed\.m2\repository\net\sf\trove4j\trove4j\3.0.3\trove4j-3.0.3.jar;C:\Users\PhilipAbed\.m2\repository\org\slf4j\slf4j-api\1.7.5\slf4j-api-1.7.5.jar;C:\Users\PhilipAbed\.m2\repository\com\jagrosh\jda-utilities-command\3.0.4\jda-utilities-command-3.0.4.jar;C:\Users\PhilipAbed\.m2\repository\org\json\json\20160810\json-20160810.jar;C:\Users\PhilipAbed\.m2\repository\com\jagrosh\jda-utilities-commons\3.0.4\jda-utilities-commons-3.0.4.jar;C:\Users\PhilipAbed\.m2\repository\com\jagrosh\jda-utilities-doc\3.0.4\jda-utilities-doc-3.0.4.jar;C:\Users\PhilipAbed\.m2\repository\com\jagrosh\jda-utilities-examples\3.0.4\jda-utilities-examples-3.0.4.jar;C:\Users\PhilipAbed\.m2\repository\com\jagrosh\jda-utilities-menu\3.0.4\jda-utilities-menu-3.0.4.jar;C:\Users\PhilipAbed\.m2\repository\com\jagrosh\jda-utilities-oauth2\3.0.4\jda-utilities-oauth2-3.0.4.jar;C:\Users\PhilipAbed\.m2\repository\org\springframework\spring-web\4.3.29.RELEASE\spring-web-4.3.29.RELEASE.jar;C:\Users\PhilipAbed\.m2\repository\org\springframework\spring-aop\4.3.29.RELEASE\spring-aop-4.3.29.RELEASE.jar;C:\Users\PhilipAbed\.m2\repository\org\springframework\spring-beans\4.3.29.RELEASE\spring-beans-4.3.29.RELEASE.jar;C:\Users\PhilipAbed\.m2\repository\org\springframework\spring-context\4.3.29.RELEASE\spring-context-4.3.29.RELEASE.jar;C:\Users\PhilipAbed\.m2\repository\org\springframework\spring-expression\4.3.29.RELEASE\spring-expression-4.3.29.RELEASE.jar;C:\Users\PhilipAbed\.m2\repository\org\springframework\spring-core\4.3.29.RELEASE\spring-core-4.3.29.RELEASE.jar;C:\Users\PhilipAbed\.m2\repository\org\apache\httpcomponents\httpclient\4.5.13\httpclient-4.5.13.jar;C:\Users\PhilipAbed\.m2\repository\org\apache\httpcomponents\httpcore\4.4.13\httpcore-4.4.13.jar;C:\Users\PhilipAbed\.m2\repository\commons-logging\commons-logging\1.2\commons-logging-1.2.jar;C:\Users\PhilipAbed\.m2\repository\com\google\code\gson\gson\2.8.5\gson-2.8.5.jar;C:\Users\PhilipAbed\.m2\repository\com\fasterxml\jackson\core\jackson-databind\2.10.3\jackson-databind-2.10.3.jar;C:\Users\PhilipAbed\.m2\repository\com\fasterxml\jackson\core\jackson-annotations\2.10.3\jackson-annotations-2.10.3.jar;C:\Users\PhilipAbed\.m2\repository\com\fasterxml\jackson\core\jackson-core\2.10.3\jackson-core-2.10.3.jar;"/>
    <property name="java.vm.vendor" value="Oracle Corporation"/>
    <property name="sun.arch.data.model" value="64"/>
    <property name="user.variant" value=""/>
    <property name="java.vendor.url" value="http://java.oracle.com/"/>
    <property name="user.timezone" value="Asia/Jerusalem"/>
    <property name="java.vm.specification.version" value="1.8"/>
    <property name="os.name" value="Windows 10"/>
    <property name="user.country" value="US"/>
    <property name="sun.java.launcher" value="SUN_STANDARD"/>
    <property name="sun.boot.library.path" value="C:\Program Files\Java\jdk1.8.0_181\jre\bin"/>
    <property name="sun.java.command" value="C:\Users\PHILIP~1\AppData\Local\Temp\surefire6337767510422181730\surefirebooter7495399174289704756.jar C:\Users\PhilipAbed\AppData\Local\Temp\surefire6337767510422181730 2020-12-14T00-33-08_961-jvmRun1 surefire3093981233424084731tmp surefire_07302144795010259367tmp"/>
    <property name="surefire.test.class.path" value="C:\Users\PhilipAbed\Documents\GitHub\StinkyBot\target\test-classes;C:\Users\PhilipAbed\Documents\GitHub\StinkyBot\target\classes;C:\Users\PhilipAbed\.m2\repository\junit\junit\4.11\junit-4.11.jar;C:\Users\PhilipAbed\.m2\repository\org\hamcrest\hamcrest-core\1.3\hamcrest-core-1.3.jar;C:\Users\PhilipAbed\.m2\repository\net\dv8tion\JDA\4.2.0_208\JDA-4.2.0_208.jar;C:\Users\PhilipAbed\.m2\repository\com\google\code\findbugs\jsr305\3.0.2\jsr305-3.0.2.jar;C:\Users\PhilipAbed\.m2\repository\org\jetbrains\annotations\16.0.1\annotations-16.0.1.jar;C:\Users\PhilipAbed\.m2\repository\com\neovisionaries\nv-websocket-client\2.10\nv-websocket-client-2.10.jar;C:\Users\PhilipAbed\.m2\repository\com\squareup\okhttp3\okhttp\3.13.0\okhttp-3.13.0.jar;C:\Users\PhilipAbed\.m2\repository\com\squareup\okio\okio\1.17.2\okio-1.17.2.jar;C:\Users\PhilipAbed\.m2\repository\club\minnced\opus-java-api\1.0.4\opus-java-api-1.0.4.jar;C:\Users\PhilipAbed\.m2\repository\net\java\dev\jna\jna\4.4.0\jna-4.4.0.jar;C:\Users\PhilipAbed\.m2\repository\club\minnced\opus-java-natives\1.0.4\opus-java-natives-1.0.4.jar;C:\Users\PhilipAbed\.m2\repository\org\apache\commons\commons-collections4\4.1\commons-collections4-4.1.jar;C:\Users\PhilipAbed\.m2\repository\net\sf\trove4j\trove4j\3.0.3\trove4j-3.0.3.jar;C:\Users\PhilipAbed\.m2\repository\org\slf4j\slf4j-api\1.7.5\slf4j-api-1.7.5.jar;C:\Users\PhilipAbed\.m2\repository\com\jagrosh\jda-utilities-command\3.0.4\jda-utilities-command-3.0.4.jar;C:\Users\PhilipAbed\.m2\repository\org\json\json\20160810\json-20160810.jar;C:\Users\PhilipAbed\.m2\repository\com\jagrosh\jda-utilities-commons\3.0.4\jda-utilities-commons-3.0.4.jar;C:\Users\PhilipAbed\.m2\repository\com\jagrosh\jda-utilities-doc\3.0.4\jda-utilities-doc-3.0.4.jar;C:\Users\PhilipAbed\.m2\repository\com\jagrosh\jda-utilities-examples\3.0.4\jda-utilities-examples-3.0.4.jar;C:\Users\PhilipAbed\.m2\repository\com\jagrosh\jda-utilities-menu\3.0.4\jda-utilities-menu-3.0.4.jar;C:\Users\PhilipAbed\.m2\repository\com\jagrosh\jda-utilities-oauth2\3.0.4\jda-utilities-oauth2-3.0.4.jar;C:\Users\PhilipAbed\.m2\repository\org\springframework\spring-web\4.3.29.RELEASE\spring-web-4.3.29.RELEASE.jar;C:\Users\PhilipAbed\.m2\repository\org\springframework\spring-aop\4.3.29.RELEASE\spring-aop-4.3.29.RELEASE.jar;C:\Users\PhilipAbed\.m2\repository\org\springframework\spring-beans\4.3.29.RELEASE\spring-beans-4.3.29.RELEASE.jar;C:\Users\PhilipAbed\.m2\repository\org\springframework\spring-context\4.3.29.RELEASE\spring-context-4.3.29.RELEASE.jar;C:\Users\PhilipAbed\.m2\repository\org\springframework\spring-expression\4.3.29.RELEASE\spring-expression-4.3.29.RELEASE.jar;C:\Users\PhilipAbed\.m2\repository\org\springframework\spring-core\4.3.29.RELEASE\spring-core-4.3.29.RELEASE.jar;C:\Users\PhilipAbed\.m2\repository\org\apache\httpcomponents\httpclient\4.5.13\httpclient-4.5.13.jar;C:\Users\PhilipAbed\.m2\repository\org\apache\httpcomponents\httpcore\4.4.13\httpcore-4.4.13.jar;C:\Users\PhilipAbed\.m2\repository\commons-logging\commons-logging\1.2\commons-logging-1.2.jar;C:\Users\PhilipAbed\.m2\repository\com\google\code\gson\gson\2.8.5\gson-2.8.5.jar;C:\Users\PhilipAbed\.m2\repository\com\fasterxml\jackson\core\jackson-databind\2.10.3\jackson-databind-2.10.3.jar;C:\Users\PhilipAbed\.m2\repository\com\fasterxml\jackson\core\jackson-annotations\2.10.3\jackson-annotations-2.10.3.jar;C:\Users\PhilipAbed\.m2\repository\com\fasterxml\jackson\core\jackson-core\2.10.3\jackson-core-2.10.3.jar;"/>
    <property name="sun.cpu.endian" value="little"/>
    <property name="user.home" value="C:\Users\PhilipAbed"/>
    <property name="user.language" value="en"/>
    <property name="java.specification.vendor" value="Oracle Corporation"/>
    <property name="java.home" value="C:\Program Files\Java\jdk1.8.0_181\jre"/>
    <property name="basedir" value="C:\Users\PhilipAbed\Documents\GitHub\StinkyBot"/>
    <property name="file.separator" value="\"/>
    <property name="line.separator" value="&#10;"/>
    <property name="java.vm.specification.vendor" value="Oracle Corporation"/>
    <property name="java.specification.name" value="Java Platform API Specification"/>
    <property name="java.awt.graphicsenv" value="sun.awt.Win32GraphicsEnvironment"/>
    <property name="surefire.real.class.path" value="C:\Users\PHILIP~1\AppData\Local\Temp\surefire6337767510422181730\surefirebooter7495399174289704756.jar"/>
    <property name="sun.boot.class.path" value="C:\Program Files\Java\jdk1.8.0_181\jre\lib\resources.jar;C:\Program Files\Java\jdk1.8.0_181\jre\lib\rt.jar;C:\Program Files\Java\jdk1.8.0_181\jre\lib\sunrsasign.jar;C:\Program Files\Java\jdk1.8.0_181\jre\lib\jsse.jar;C:\Program Files\Java\jdk1.8.0_181\jre\lib\jce.jar;C:\Program Files\Java\jdk1.8.0_181\jre\lib\charsets.jar;C:\Program Files\Java\jdk1.8.0_181\jre\lib\jfr.jar;C:\Program Files\Java\jdk1.8.0_181\jre\classes"/>
    <property name="user.script" value=""/>
    <property name="sun.management.compiler" value="HotSpot 64-Bit Tiered Compilers"/>
    <property name="java.runtime.version" value="1.8.0_181-b13"/>
    <property name="user.name" value="PhilipAbed"/>
    <property name="path.separator" value=";"/>
    <property name="os.version" value="10.0"/>
    <property name="java.endorsed.dirs" value="C:\Program Files\Java\jdk1.8.0_181\jre\lib\endorsed"/>
    <property name="java.runtime.name" value="Java(TM) SE Runtime Environment"/>
    <property name="file.encoding" value="Cp1252"/>
    <property name="java.vm.name" value="Java HotSpot(TM) 64-Bit Server VM"/>
    <property name="localRepository" value="C:\Users\PhilipAbed\.m2\repository"/>
    <property name="java.vendor.url.bug" value="http://bugreport.sun.com/bugreport/"/>
    <property name="java.io.tmpdir" value="C:\Users\PHILIP~1\AppData\Local\Temp\"/>
    <property name="java.version" value="1.8.0_181"/>
    <property name="user.dir" value="C:\Users\PhilipAbed\Documents\GitHub\StinkyBot"/>
    <property name="os.arch" value="amd64"/>
    <property name="java.vm.specification.name" value="Java Virtual Machine Specification"/>
    <property name="java.awt.printerjob" value="sun.awt.windows.WPrinterJob"/>
    <property name="sun.os.patch.level" value=""/>
    <property name="java.library.path" value="C:\Program Files\Java\jdk1.8.0_181\jre\bin;C:\WINDOWS\Sun\Java\bin;C:\WINDOWS\system32;C:\WINDOWS;C:\Program Files (x86)\Razer\ChromaBroadcast\bin;C:\Program Files\Razer\ChromaBroadcast\bin;C:\Program Files\Python38\Scripts\;C:\Program Files\Python38\;C:\Program Files\Haskell\bin;C:\Program Files\Haskell Platform\8.6.5\lib\extralibs\bin;C:\Program Files\Haskell Platform\8.6.5\bin;C:\Program Files (x86)\Microsoft SDKs\Azure\CLI2\wbin;C:\Program Files (x86)\Common Files\Oracle\Java\javapath;C:\Program Files\Intel\iCLS Client\;C:\Windows\system32;C:\Windows;C:\Windows\System32\Wbem;C:\Windows\System32\WindowsPowerShell\v1.0\;C:\Program Files (x86)\NVIDIA Corporation\PhysX\Common;C:\WINDOWS\system32;C:\WINDOWS;C:\WINDOWS\System32\Wbem;C:\WINDOWS\System32\WindowsPowerShell\v1.0\;C:\Program Files\PuTTY\;C:\Program Files\Git\cmd;C:\Program Files (x86)\Google\Google Apps Sync\;C:\Program Files (x86)\Google\Google Apps Migration\;C:\Program Files\Microsoft SQL Server\Client SDK\ODBC\130\Tools\Binn\;C:\Program Files (x86)\Microsoft SQL Server\140\Tools\Binn\;C:\Program Files\Microsoft SQL Server\140\Tools\Binn\;C:\Program Files\Microsoft SQL Server\140\DTS\Binn\;C:\WINDOWS\System32\OpenSSH\;C:\Program Files\Java\jdk1.8.0_181\bin;C:\Program Files (x86)\Google\Cloud SDK\google-cloud-sdk\bin;C:\Program Files\WSO2\Enterprise Integrator\6.4.0\\bin;C:\Program Files\dotnet\;C:\Program Files\Intel\WiFi\bin\;C:\Program Files\Common Files\Intel\WirelessCommon\;C:\ProgramData\chocolatey\bin;C:\Program Files\Amazon\AWSCLI\bin\;C:\Program Files\Dart\dart-sdk\bin;C:\Program Files\Haskell Platform\8.6.5\mingw\bin;C:\Program Files (x86)\Intel\Intel(R) Management Engine Components\DAL;C:\Program Files\Intel\Intel(R) Management Engine Components\DAL;C:\Program Files\NVIDIA Corporation\NVIDIA NvDLISR;C:\Go\bin;C:\Program Files (x86)\sbt\bin;C:\Program Files\nodejs\;C:\WINDOWS\system32\config\systemprofile\AppData\Local\Microsoft\WindowsApps;;C:\Program Files\Docker\Docker\resources\bin;C:\ProgramData\DockerDesktop\version-bin;C:\Users\PhilipAbed\AppData\Roaming\cabal\bin;C:\Users\PhilipAbed\AppData\Roaming\local\bin;C:\Users\PhilipAbed\.poetry\bin;C:\Users\PhilipAbed\AppData\Local\Programs\Python\Python36\Scripts\;C:\Users\PhilipAbed\AppData\Local\Programs\Python\Python36\;C:\Ruby26-x64\bin;C:\Gradle\gradle-4.8\bin;C:\Users\PhilipAbed\AppData\Local\Microsoft\WindowsApps;C:\Program Files\apache-maven-3.5.4\bin;C:\Applications\Atlassian\atlassian-plugin-sdk-6.3.10\bin;C:\Users\PhilipAbed\go\bin;C:\Program Files\curl-7.61.1\bin;C:\Users\PhilipAbed\Documents\GitHub\Paket-master\.paket;C:\circleCI\installation;C:\mysys64\usr\bin;C:\Program Files\bazel;C:\Program Files (x86)\Graphviz2.38\bin;C:\Program Files\JetBrains\GoLand 2019.1.1\bin;C:\Program Files\Amazon\AWSCLI\bin;C:\Users\PhilipAbed\AppData\Local\Microsoft\WindowsApps;C:\Program Files\JetBrains\IntelliJ IDEA 2019.3\bin;C:\Users\PhilipAbed\go\bin;C:\Users\PhilipAbed\AppData\Local\Programs\Fiddler;C:\Users\PhilipAbed\AppData\Local\Programs\Microsoft VS Code\bin;C:\Program Files\JetBrains\GoLand 2020.2.3\bin;;C:\Users\PhilipAbed\AppData\Roaming\npm;;."/>
    <property name="java.vm.info" value="mixed mode"/>
    <property name="java.vendor" value="Oracle Corporation"/>
    <property name="java.vm.version" value="25.181-b13"/>
    <property name="idea.version2019.3" value="true"/>
    <property name="java.ext.dirs" value="C:\Program Files\Java\jdk1.8.0_181\jre\lib\ext;C:\WINDOWS\Sun\Java\lib\ext"/>
    <property name="sun.io.unicode.encoding" value="UnicodeLittle"/>
    <property name="java.class.version" value="52.0"/>
  </properties>
  <testcase name="shouldAnswerWithTrue" classname="stinkybot.AppTest" time="0.003"/>
</testsuite>